<?xml version="1.0" encoding="UTF-8"?>
<!-- Generated by org.testng.reporters.JUnitReportReporter -->
<testsuite hostname="IN-L2092" name="com.git.tf.idf.calculation.TestTfIdfCalculator" tests="3" failures="0" timestamp="29 Sep 2019 16:02:19 GMT" time="0.014" errors="0">
  <testcase name="testInverseDocumentFrequency" time="0.010" classname="com.git.tf.idf.calculation.TestTfIdfCalculator"/>
  <testcase name="testTfIdf" time="0.003" classname="com.git.tf.idf.calculation.TestTfIdfCalculator"/>
  <testcase name="testTermFrequency" time="0.001" classname="com.git.tf.idf.calculation.TestTfIdfCalculator"/>
</testsuite> <!-- com.git.tf.idf.calculation.TestTfIdfCalculator -->
