<?xml version="1.0" encoding="UTF-8"?>
<!-- Generated by org.testng.reporters.JUnitReportReporter -->
<testsuite hostname="IN-L2092" name="com.git.parsedocuments.TestParseDocumentUtil" tests="1" failures="0" timestamp="29 Sep 2019 16:05:07 GMT" time="0.014" errors="0">
  <testcase name="testParseDocuments" time="0.014" classname="com.git.parsedocuments.TestParseDocumentUtil"/>
</testsuite> <!-- com.git.parsedocuments.TestParseDocumentUtil -->
