<?xml version="1.0" encoding="UTF-8"?>
<!-- Generated by org.testng.reporters.JUnitReportReporter -->
<testsuite hostname="IN-L2092" name="com.git.algorithm.kmeans.TestClusterSelectionUtil" tests="2" failures="0" timestamp="29 Sep 2019 16:14:23 GMT" time="0.010" errors="0">
  <testcase name="testGetMaximumSentencesInCluster" time="0.009" classname="com.git.algorithm.kmeans.TestClusterSelectionUtil"/>
  <testcase name="testGetSentencesInCluster" time="0.001" classname="com.git.algorithm.kmeans.TestClusterSelectionUtil"/>
</testsuite> <!-- com.git.algorithm.kmeans.TestClusterSelectionUtil -->
