<?xml version="1.0" encoding="UTF-8"?>
<!-- Generated by org.testng.reporters.JUnitReportReporter -->
<testsuite hostname="IN-L2092" name="com.git.tf.idf.calculation.TestDocumentScorealculationUtil" tests="1" failures="0" timestamp="29 Sep 2019 16:24:13 GMT" time="0.021" errors="0">
  <testcase name="testFileWrite" time="0.021" classname="com.git.tf.idf.calculation.TestDocumentScorealculationUtil"/>
</testsuite> <!-- com.git.tf.idf.calculation.TestDocumentScorealculationUtil -->
